<?xml version="1.0" encoding="UTF-8"?>
<!-- Generated by org.testng.reporters.JUnitReportReporter -->
<testsuite hostname="DESKTOP-UNNQDPR" failures="0" tests="1" name="package1.TestHelloworld" time="0.008" errors="0" timestamp="2023-12-15T10:05:31 PST" skipped="0">
  <testcase classname="package1.TestHelloworld" name="testHelloworld" time="0.008"/>
</testsuite> <!-- package1.TestHelloworld -->
