<?xml version="1.0" encoding="UTF-8"?>
<!-- Generated by org.testng.reporters.JUnitReportReporter -->
<testsuite hostname="DESKTOP-UNNQDPR" failures="0" tests="1" name="package1.SauceDemo" time="6.172" errors="0" timestamp="2023-12-16T02:23:35 PST" skipped="0">
  <testcase classname="package1.SauceDemo" name="launchBrowser" time="6.172"/>
</testsuite> <!-- package1.SauceDemo -->
